[07-Feb-2026 07:02:08 America/Tegucigalpa] Conexion exitosa
[07-Feb-2026 09:23:11 America/Tegucigalpa] Conexion exitosa
[07-Feb-2026 09:23:55 America/Tegucigalpa] Conexion exitosa
[07-Feb-2026 09:35:13 America/Tegucigalpa] Conexion exitosa
[07-Feb-2026 17:46:06 America/Tegucigalpa] Conexion exitosa
[07-Feb-2026 21:01:12 America/Tegucigalpa] Conexion exitosa
[07-Feb-2026 21:20:13 America/Tegucigalpa] PHP Fatal error:  Uncaught Error: Call to undefined method App\Models\UserModel::getUserByEmail() in C:\xampp\htdocs\SistemadeGestiondeCostos_PeIS1\Src\Controllers\PasswordController.php:41
Stack trace:
#0 C:\xampp\htdocs\SistemadeGestiondeCostos_PeIS1\Src\Routes\Password.php(20): App\Controllers\PasswordController->forgotPassword('Password/')
#1 C:\xampp\htdocs\SistemadeGestiondeCostos_PeIS1\Public\index.php(36): require('C:\\xampp\\htdocs...')
#2 {main}
  thrown in C:\xampp\htdocs\SistemadeGestiondeCostos_PeIS1\Src\Controllers\PasswordController.php on line 41
[07-Feb-2026 21:29:42 America/Tegucigalpa] Conexion exitosa
[07-Feb-2026 21:38:10 America/Tegucigalpa] Conexion exitosa
[07-Feb-2026 21:38:10 America/Tegucigalpa] Conexion exitosa
[08-Feb-2026 11:19:39 America/Tegucigalpa] Esto es una prueba de error
[08-Feb-2026 11:32:39 America/Tegucigalpa] Conexion exitosa
[08-Feb-2026 11:32:39 America/Tegucigalpa] Conexion exitosa
[08-Feb-2026 11:38:26 America/Tegucigalpa] PHP Fatal error:  Uncaught Error: Call to undefined method App\Controllers\PasswordController::resetPassword() in C:\xampp\htdocs\SistemadeGestiondeCostos_PeIS1\Src\Routes\Password.php:23
Stack trace:
#0 C:\xampp\htdocs\SistemadeGestiondeCostos_PeIS1\Public\index.php(36): require()
#1 {main}
  thrown in C:\xampp\htdocs\SistemadeGestiondeCostos_PeIS1\Src\Routes\Password.php on line 23
[08-Feb-2026 11:39:44 America/Tegucigalpa] Conexion exitosa
[08-Feb-2026 11:39:44 America/Tegucigalpa] Conexion exitosa
[08-Feb-2026 11:39:51 America/Tegucigalpa] Conexion exitosa
[08-Feb-2026 11:39:51 America/Tegucigalpa] Conexion exitosa
[08-Feb-2026 11:41:15 America/Tegucigalpa] PHP Fatal error:  Uncaught Error: Call to undefined method App\Controllers\PasswordController::resetPassword() in C:\xampp\htdocs\SistemadeGestiondeCostos_PeIS1\Src\Routes\Password.php:23
Stack trace:
#0 C:\xampp\htdocs\SistemadeGestiondeCostos_PeIS1\Public\index.php(36): require()
#1 {main}
  thrown in C:\xampp\htdocs\SistemadeGestiondeCostos_PeIS1\Src\Routes\Password.php on line 23
[08-Feb-2026 11:41:31 America/Tegucigalpa] PHP Fatal error:  Uncaught Error: Call to undefined method App\Controllers\PasswordController::resetPassword() in C:\xampp\htdocs\SistemadeGestiondeCostos_PeIS1\Src\Routes\Password.php:23
Stack trace:
#0 C:\xampp\htdocs\SistemadeGestiondeCostos_PeIS1\Public\index.php(36): require()
#1 {main}
  thrown in C:\xampp\htdocs\SistemadeGestiondeCostos_PeIS1\Src\Routes\Password.php on line 23
[08-Feb-2026 11:46:33 America/Tegucigalpa] Conexion exitosa
[08-Feb-2026 11:46:33 America/Tegucigalpa] Conexion exitosa
[08-Feb-2026 11:46:33 America/Tegucigalpa] Conexion exitosa
[08-Feb-2026 12:29:18 America/Tegucigalpa] Conexion exitosa
[08-Feb-2026 12:29:18 America/Tegucigalpa] Conexion exitosa
[08-Feb-2026 12:42:41 America/Tegucigalpa] Esto es una prueba de error
[08-Feb-2026 12:49:06 America/Tegucigalpa] Esto es una prueba de error
[08-Feb-2026 12:49:25 America/Tegucigalpa] Esto es una prueba de error
[08-Feb-2026 12:49:53 America/Tegucigalpa] Esto es una prueba de error
[08-Feb-2026 12:52:46 America/Tegucigalpa] Conexion exitosa
[08-Feb-2026 12:52:46 America/Tegucigalpa] Conexion exitosa
[08-Feb-2026 12:53:08 America/Tegucigalpa] Esto es una prueba de error
